<?xml version="1.0" encoding="UTF-8"?>
<!-- Generated by org.testng.reporters.JUnitReportReporter -->
<testsuite hostname="Deepika" failures="0" tests="12" name="com.dd.selenium.LoginNegativeTests" time="48.539" errors="0" timestamp="2025-04-26T21:27:39 NZST" skipped="0">
  <testcase classname="com.dd.selenium.LoginNegativeTests" name="invalidUsernameAndPasswordLogin" time="4.065"/>
  <testcase classname="com.dd.selenium.LoginNegativeTests" name="testInvalidLoginScenariosWithDDT" time="5.109"/>
  <testcase classname="com.dd.selenium.LoginNegativeTests" name="LockedoutUserLogin" time="2.765"/>
  <testcase classname="com.dd.selenium.LoginNegativeTests" name="invalidUsernameLogin" time="4.274"/>
  <testcase classname="com.dd.selenium.LoginNegativeTests" name="logWithLongUsername" time="4.933"/>
  <testcase classname="com.dd.selenium.LoginNegativeTests" name="invalidPasswordLogin" time="3.175"/>
  <testcase classname="com.dd.selenium.LoginNegativeTests" name="blankUsernameLogin" time="4.385"/>
  <testcase classname="com.dd.selenium.LoginNegativeTests" name="blankUsernameAndPasswordLogin" time="2.584"/>
  <testcase classname="com.dd.selenium.LoginNegativeTests" name="testInvalidLoginScenariosWithDDT" time="4.413"/>
  <testcase classname="com.dd.selenium.LoginNegativeTests" name="testwithSpecialCharacters" time="5.732"/>
  <testcase classname="com.dd.selenium.LoginNegativeTests" name="blankPasswordLogin" time="4.092"/>
  <testcase classname="com.dd.selenium.LoginNegativeTests" name="testInvalidLoginScenariosWithDDT" time="3.012"/>
</testsuite> <!-- com.dd.selenium.LoginNegativeTests -->
